<?xml version="1.0" encoding="UTF-8"?>
<testsuite xmlns:xsi="http://www.w3.org/2001/XMLSchema-instance" xsi:noNamespaceSchemaLocation="https://maven.apache.org/surefire/maven-surefire-plugin/xsd/surefire-test-report.xsd" version="3.0.2" name="com.karthik.course_planner.AssessmentRepositoryTest" time="3.65" tests="1" errors="0" skipped="0" failures="0" flakes="0">
  <properties>
[...]
</properties>
  <testcase name="testAssessmentLinksToCorrectModule" classname="com.karthik.course_planner.AssessmentRepositoryTest" time="0.655">
    <system-out><![CDATA[13:37:11.128 [main] INFO org.springframework.test.context.support.AnnotationConfigContextLoaderUtils -- Could not detect default configuration classes for test class [com.karthik.course_planner.AssessmentRepositoryTest]: AssessmentRepositoryTest does not declare any static, non-private, non-final, nested classes annotated with @Configuration.
13:37:11.218 [main] INFO org.springframework.boot.test.context.SpringBootTestContextBootstrapper -- Found @SpringBootConfiguration com.karthik.course_planner.CoursePlannerApplication for test class com.karthik.course_planner.AssessmentRepositoryTest
13:37:11.277 [main] INFO org.springframework.test.context.support.AnnotationConfigContextLoaderUtils -- Could not detect default configuration classes for test class [com.karthik.course_planner.AssessmentRepositoryTest]: AssessmentRepositoryTest does not declare any static, non-private, non-final, nested classes annotated with @Configuration.
13:37:11.278 [main] INFO org.springframework.boot.test.context.SpringBootTestContextBootstrapper -- Found @SpringBootConfiguration com.karthik.course_planner.CoursePlannerApplication for test class com.karthik.course_planner.AssessmentRepositoryTest

  .   ____          _            __ _ _
 /\\ / ___'_ __ _ _(_)_ __  __ _ \ \ \ \
( ( )\___ | '_ | '_| | '_ \/ _` | \ \ \ \
 \\/  ___)| |_)| | | | | || (_| |  ) ) ) )
  '  |____| .__|_| |_|_| |_\__, | / / / /
 =========|_|==============|___/=/_/_/_/

 :: Spring Boot ::                (v4.1.0)

2026-06-25T13:37:11.560+02:00  INFO 28324 --- [course-planner] [           main] c.k.c.AssessmentRepositoryTest           : Starting AssessmentRepositoryTest using Java 22.0.1 with PID 28324 (started by karth in D:\IT\git\course-planner)
2026-06-25T13:37:11.561+02:00  INFO 28324 --- [course-planner] [           main] c.k.c.AssessmentRepositoryTest           : No active profile set, falling back to 1 default profile: "default"
2026-06-25T13:37:11.965+02:00  INFO 28324 --- [course-planner] [           main] .s.d.r.c.RepositoryConfigurationDelegate : Bootstrapping Spring Data JPA repositories in DEFAULT mode.
2026-06-25T13:37:12.010+02:00  INFO 28324 --- [course-planner] [           main] .s.d.r.c.RepositoryConfigurationDelegate : Finished Spring Data repository scanning in 37 ms. Found 3 JPA repository interfaces.
2026-06-25T13:37:12.253+02:00  INFO 28324 --- [course-planner] [           main] com.zaxxer.hikari.HikariDataSource       : HikariPool-1 - Starting...
2026-06-25T13:37:12.375+02:00  INFO 28324 --- [course-planner] [           main] com.zaxxer.hikari.pool.HikariPool        : HikariPool-1 - Added connection conn0: url=jdbc:h2:mem:f67df7d0-9f66-4175-a9e6-dc884d83f7aa user=SA
2026-06-25T13:37:12.377+02:00  INFO 28324 --- [course-planner] [           main] com.zaxxer.hikari.HikariDataSource       : HikariPool-1 - Start completed.
2026-06-25T13:37:12.407+02:00  INFO 28324 --- [course-planner] [           main] org.hibernate.orm.jpa                    : HHH008540: Processing PersistenceUnitInfo [name: default]
2026-06-25T13:37:12.450+02:00  INFO 28324 --- [course-planner] [           main] org.hibernate.orm.core                   : HHH000001: Hibernate ORM core version 7.4.1.Final
2026-06-25T13:37:12.782+02:00  INFO 28324 --- [course-planner] [           main] o.s.o.j.p.SpringPersistenceUnitInfo      : No LoadTimeWeaver setup: ignoring JPA class transformer
2026-06-25T13:37:12.841+02:00  INFO 28324 --- [course-planner] [           main] org.hibernate.orm.connections.pooling    : HHH10001005: Database info:
	Database JDBC URL [jdbc:h2:mem:f67df7d0-9f66-4175-a9e6-dc884d83f7aa]
	Database driver: H2 JDBC Driver
	Database dialect: H2Dialect
	Database version: 2.4.240
	Default catalog/schema: F67DF7D0-9F66-4175-A9E6-DC884D83F7AA/PUBLIC
	Autocommit mode: undefined/unknown
	Isolation level: READ_COMMITTED [default READ_COMMITTED]
	JDBC fetch size: 100
	Pool: DataSourceConnectionProvider
	Minimum pool size: undefined/unknown
	Maximum pool size: undefined/unknown
2026-06-25T13:37:13.412+02:00  INFO 28324 --- [course-planner] [           main] org.hibernate.orm.core                   : HHH000489: No JTA platform available (set 'hibernate.transaction.jta.platform' to enable JTA platform integration)
2026-06-25T13:37:13.450+02:00  INFO 28324 --- [course-planner] [           main] j.LocalContainerEntityManagerFactoryBean : Initialized JPA EntityManagerFactory for persistence unit 'default'
2026-06-25T13:37:13.506+02:00  INFO 28324 --- [course-planner] [           main] o.s.d.j.r.query.QueryEnhancerFactories   : Hibernate is in classpath; If applicable, HQL parser will be used.
2026-06-25T13:37:13.685+02:00  WARN 28324 --- [course-planner] [           main] JpaBaseConfiguration$JpaWebConfiguration : spring.jpa.open-in-view is enabled by default. Therefore, database queries may be performed during view rendering. Explicitly configure spring.jpa.open-in-view to disable this warning
2026-06-25T13:37:13.970+02:00  INFO 28324 --- [course-planner] [           main] c.k.c.AssessmentRepositoryTest           : Started AssessmentRepositoryTest in 2.649 seconds (process running for 3.484)
]]></system-out>
    <system-err><![CDATA[Mockito is currently self-attaching to enable the inline-mock-maker. This will no longer work in future releases of the JDK. Please add Mockito as an agent to your build as described in Mockito's documentation: https://javadoc.io/doc/org.mockito/mockito-core/latest/org.mockito/org/mockito/Mockito.html#0.3
WARNING: A Java agent has been loaded dynamically (C:\Users\karth\.m2\repository\net\bytebuddy\byte-buddy-agent\1.18.10\byte-buddy-agent-1.18.10.jar)
WARNING: If a serviceability tool is in use, please run with -XX:+EnableDynamicAgentLoading to hide this warning
WARNING: If a serviceability tool is not in use, please run with -Djdk.instrument.traceUsage for more information
WARNING: Dynamic loading of agents will be disallowed by default in a future release
]]></system-err>
  </testcase>
</testsuite>