<?xml version="1.0" encoding="UTF-8"?>
<testsuite xmlns:xsi="http://www.w3.org/2001/XMLSchema-instance" xsi:noNamespaceSchemaLocation="https://maven.apache.org/surefire/maven-surefire-plugin/xsd/surefire-test-report.xsd" version="3.0.2" name="com.karthik.course_planner.UserRepositoryTest" time="4.724" tests="2" errors="0" skipped="0" failures="0" flakes="0">
  <properties>
[...]
</properties>
  <testcase name="testFindByUsername" classname="com.karthik.course_planner.UserRepositoryTest" time="0.793">
    <system-out><![CDATA[22:19:00.942 [main] INFO org.springframework.test.context.support.AnnotationConfigContextLoaderUtils -- Could not detect default configuration classes for test class [com.karthik.course_planner.UserRepositoryTest]: UserRepositoryTest does not declare any static, non-private, non-final, nested classes annotated with @Configuration.
22:19:01.079 [main] INFO org.springframework.boot.test.context.SpringBootTestContextBootstrapper -- Found @SpringBootConfiguration com.karthik.course_planner.CoursePlannerApplication for test class com.karthik.course_planner.UserRepositoryTest
22:19:01.187 [main] INFO org.springframework.test.context.support.AnnotationConfigContextLoaderUtils -- Could not detect default configuration classes for test class [com.karthik.course_planner.UserRepositoryTest]: UserRepositoryTest does not declare any static, non-private, non-final, nested classes annotated with @Configuration.
22:19:01.189 [main] INFO org.springframework.boot.test.context.SpringBootTestContextBootstrapper -- Found @SpringBootConfiguration com.karthik.course_planner.CoursePlannerApplication for test class com.karthik.course_planner.UserRepositoryTest

  .   ____          _            __ _ _
 /\\ / ___'_ __ _ _(_)_ __  __ _ \ \ \ \
( ( )\___ | '_ | '_| | '_ \/ _` | \ \ \ \
 \\/  ___)| |_)| | | | | || (_| |  ) ) ) )
  '  |____| .__|_| |_|_| |_\__, | / / / /
 =========|_|==============|___/=/_/_/_/

 :: Spring Boot ::                (v4.1.0)

2026-06-24T22:19:01.577+02:00  INFO 8672 --- [course-planner] [           main] c.k.course_planner.UserRepositoryTest    : Starting UserRepositoryTest using Java 22.0.1 with PID 8672 (started by karth in D:\IT\git\course-planner)
2026-06-24T22:19:01.579+02:00  INFO 8672 --- [course-planner] [           main] c.k.course_planner.UserRepositoryTest    : No active profile set, falling back to 1 default profile: "default"
2026-06-24T22:19:02.027+02:00  INFO 8672 --- [course-planner] [           main] .s.d.r.c.RepositoryConfigurationDelegate : Bootstrapping Spring Data JPA repositories in DEFAULT mode.
2026-06-24T22:19:02.078+02:00  INFO 8672 --- [course-planner] [           main] .s.d.r.c.RepositoryConfigurationDelegate : Finished Spring Data repository scanning in 40 ms. Found 3 JPA repository interfaces.
2026-06-24T22:19:02.393+02:00  INFO 8672 --- [course-planner] [           main] com.zaxxer.hikari.HikariDataSource       : HikariPool-1 - Starting...
2026-06-24T22:19:02.536+02:00  INFO 8672 --- [course-planner] [           main] com.zaxxer.hikari.pool.HikariPool        : HikariPool-1 - Added connection conn0: url=jdbc:h2:mem:bf1e3ab4-3444-4dce-b2e3-0d7e1b87455e user=SA
2026-06-24T22:19:02.538+02:00  INFO 8672 --- [course-planner] [           main] com.zaxxer.hikari.HikariDataSource       : HikariPool-1 - Start completed.
2026-06-24T22:19:02.570+02:00  INFO 8672 --- [course-planner] [           main] org.hibernate.orm.jpa                    : HHH008540: Processing PersistenceUnitInfo [name: default]
2026-06-24T22:19:02.629+02:00  INFO 8672 --- [course-planner] [           main] org.hibernate.orm.core                   : HHH000001: Hibernate ORM core version 7.4.1.Final
2026-06-24T22:19:03.020+02:00  INFO 8672 --- [course-planner] [           main] o.s.o.j.p.SpringPersistenceUnitInfo      : No LoadTimeWeaver setup: ignoring JPA class transformer
2026-06-24T22:19:03.096+02:00  INFO 8672 --- [course-planner] [           main] org.hibernate.orm.connections.pooling    : HHH10001005: Database info:
	Database JDBC URL [jdbc:h2:mem:bf1e3ab4-3444-4dce-b2e3-0d7e1b87455e]
	Database driver: H2 JDBC Driver
	Database dialect: H2Dialect
	Database version: 2.4.240
	Default catalog/schema: BF1E3AB4-3444-4DCE-B2E3-0D7E1B87455E/PUBLIC
	Autocommit mode: undefined/unknown
	Isolation level: READ_COMMITTED [default READ_COMMITTED]
	JDBC fetch size: 100
	Pool: DataSourceConnectionProvider
	Minimum pool size: undefined/unknown
	Maximum pool size: undefined/unknown
2026-06-24T22:19:03.825+02:00  INFO 8672 --- [course-planner] [           main] org.hibernate.orm.core                   : HHH000489: No JTA platform available (set 'hibernate.transaction.jta.platform' to enable JTA platform integration)
2026-06-24T22:19:03.872+02:00  INFO 8672 --- [course-planner] [           main] j.LocalContainerEntityManagerFactoryBean : Initialized JPA EntityManagerFactory for persistence unit 'default'
2026-06-24T22:19:03.948+02:00  INFO 8672 --- [course-planner] [           main] o.s.d.j.r.query.QueryEnhancerFactories   : Hibernate is in classpath; If applicable, HQL parser will be used.
2026-06-24T22:19:04.204+02:00  WARN 8672 --- [course-planner] [           main] JpaBaseConfiguration$JpaWebConfiguration : spring.jpa.open-in-view is enabled by default. Therefore, database queries may be performed during view rendering. Explicitly configure spring.jpa.open-in-view to disable this warning
2026-06-24T22:19:04.616+02:00  INFO 8672 --- [course-planner] [           main] c.k.course_planner.UserRepositoryTest    : Started UserRepositoryTest in 3.36 seconds (process running for 4.561)
]]></system-out>
    <system-err><![CDATA[Mockito is currently self-attaching to enable the inline-mock-maker. This will no longer work in future releases of the JDK. Please add Mockito as an agent to your build as described in Mockito's documentation: https://javadoc.io/doc/org.mockito/mockito-core/latest/org.mockito/org/mockito/Mockito.html#0.3
WARNING: A Java agent has been loaded dynamically (C:\Users\karth\.m2\repository\net\bytebuddy\byte-buddy-agent\1.18.10\byte-buddy-agent-1.18.10.jar)
WARNING: If a serviceability tool is in use, please run with -XX:+EnableDynamicAgentLoading to hide this warning
WARNING: If a serviceability tool is not in use, please run with -Djdk.instrument.traceUsage for more information
WARNING: Dynamic loading of agents will be disallowed by default in a future release
]]></system-err>
  </testcase>
  <testcase name="testModuleLinksToCorrectUser" classname="com.karthik.course_planner.UserRepositoryTest" time="0.009"/>
</testsuite>